\BOOKMARK [1][-]{section.1}{Introduction}{}% 1
\BOOKMARK [2][-]{subsection.1.1}{Motivation}{section.1}% 2
\BOOKMARK [2][-]{subsection.1.2}{Problem Metaphor \(Dog Walking\)}{section.1}% 3
\BOOKMARK [1][-]{section.2}{Preliminaries}{}% 4
\BOOKMARK [2][-]{subsection.2.1}{Polygonal Chains}{section.2}% 5
\BOOKMARK [2][-]{subsection.2.2}{Parametrisation}{section.2}% 6
\BOOKMARK [2][-]{subsection.2.3}{Height Function}{section.2}% 7
\BOOKMARK [1][-]{section.3}{Classical Fr\351chet Distance}{}% 8
\BOOKMARK [2][-]{subsection.3.1}{Traversal of P and Q}{section.3}% 9
\BOOKMARK [2][-]{subsection.3.2}{Free-Space Diagram}{section.3}% 10
\BOOKMARK [2][-]{subsection.3.3}{Decision Problem}{section.3}% 11
\BOOKMARK [2][-]{subsection.3.4}{Classical Critical Events}{section.3}% 12
\BOOKMARK [2][-]{subsection.3.5}{Computing the Classical Fr\351chet Distance}{section.3}% 13
\BOOKMARK [1][-]{section.4}{Lexicographic Fr\351chet Matchings}{}% 14
\BOOKMARK [2][-]{subsection.4.1}{Steepest Descent}{section.4}% 15
\BOOKMARK [2][-]{subsection.4.2}{New Lexicographic Type of Critical Event}{section.4}% 16
\BOOKMARK [2][-]{subsection.4.3}{Lexicographic Fr\351chet Matching Algorithm}{section.4}% 17
\BOOKMARK [1][-]{section.5}{Lexicographic Fr\351chet Distance with Degenerate Inputs}{}% 18
\BOOKMARK [2][-]{subsection.5.1}{Problem}{section.5}% 19
\BOOKMARK [2][-]{subsection.5.2}{Examples}{section.5}% 20
\BOOKMARK [3][-]{subsubsection.5.2.1}{Minimal Example: Traverse Both}{subsection.5.2}% 21
\BOOKMARK [3][-]{subsubsection.5.2.2}{Minimal Example: Traverse Either}{subsection.5.2}% 22
\BOOKMARK [3][-]{subsubsection.5.2.3}{Minimal Example: Traverse One}{subsection.5.2}% 23
\BOOKMARK [3][-]{subsubsection.5.2.4}{More Complex Example 1}{subsection.5.2}% 24
\BOOKMARK [3][-]{subsubsection.5.2.5}{More Complex Example 2}{subsection.5.2}% 25
\BOOKMARK [2][-]{subsection.5.3}{Possible Paths Through Critical Events}{section.5}% 26
\BOOKMARK [3][-]{subsubsection.5.3.1}{Generate Traversability Graph}{subsection.5.3}% 27
\BOOKMARK [3][-]{subsubsection.5.3.2}{Can Ck1 reach Ck2? \205 Reachability Intervals}{subsection.5.3}% 28
\BOOKMARK [3][-]{subsubsection.5.3.3}{Can Ck1 reach Ck2? \205 Minimum x-/y-Coordinates}{subsection.5.3}% 29
\BOOKMARK [2][-]{subsection.5.4}{Traversal Cross-Section f\(t\) and Profile \(s\)}{section.5}% 30
\BOOKMARK [3][-]{subsubsection.5.4.1}{Hyperbolas}{subsection.5.4}% 31
\BOOKMARK [3][-]{subsubsection.5.4.2}{Cross-Section f\(t\)}{subsection.5.4}% 32
\BOOKMARK [3][-]{subsubsection.5.4.3}{Profile }{subsection.5.4}% 33
\BOOKMARK [2][-]{subsection.5.5}{Multiple Ascents to and Descents from 0}{section.5}% 34
\BOOKMARK [3][-]{subsubsection.5.5.1}{Simplifications and First Derivative}{subsection.5.5}% 35
\BOOKMARK [3][-]{subsubsection.5.5.2}{Second Derivative}{subsection.5.5}% 36
\BOOKMARK [3][-]{subsubsection.5.5.3}{Example: First Derivative}{subsection.5.5}% 37
\BOOKMARK [3][-]{subsubsection.5.5.4}{Example: Second Derivative}{subsection.5.5}% 38
\BOOKMARK [1][-]{section.6}{Concluding Perspective}{}% 39
\BOOKMARK [2][-]{subsection.6.1}{Third, Fourth, Fifth, etc. Derivative}{section.6}% 40
\BOOKMARK [2][-]{subsection.6.2}{Equal Descents at 0, Unequal Descents Below}{section.6}% 41
